<?xml version="1.0" encoding="utf-8"?><testsuites name="pytest tests"><testsuite name="pytest" errors="0" failures="0" skipped="0" tests="25" time="0.990" timestamp="2026-01-12T14:48:39.047986+00:00" hostname="agent-env-9f594311-e9cb-44f9-ab69-f7d1bce0c40f"><testcase classname="tests.test_aleesa_api.TestHealthCheck" name="test_health_endpoint" time="0.125" /><testcase classname="tests.test_aleesa_api.TestHealthCheck" name="test_api_root" time="0.053" /><testcase classname="tests.test_aleesa_api.TestCategories" name="test_get_categories" time="0.015" /><testcase classname="tests.test_aleesa_api.TestCategories" name="test_get_category_by_slug" time="0.015" /><testcase classname="tests.test_aleesa_api.TestCategories" name="test_get_invalid_category" time="0.015" /><testcase classname="tests.test_aleesa_api.TestProducts" name="test_get_products" time="0.016" /><testcase classname="tests.test_aleesa_api.TestProducts" name="test_get_products_with_category_filter" time="0.011" /><testcase classname="tests.test_aleesa_api.TestProducts" name="test_get_products_with_price_filter" time="0.012" /><testcase classname="tests.test_aleesa_api.TestProducts" name="test_get_products_with_sorting" time="0.121" /><testcase classname="tests.test_aleesa_api.TestProducts" name="test_get_product_by_slug" time="0.024" /><testcase classname="tests.test_aleesa_api.TestProducts" name="test_get_invalid_product" time="0.050" /><testcase classname="tests.test_aleesa_api.TestProducts" name="test_search_products" time="0.009" /><testcase classname="tests.test_aleesa_api.TestAuthentication" name="test_login_with_demo_credentials" time="0.056" /><testcase classname="tests.test_aleesa_api.TestAuthentication" name="test_login_invalid_credentials" time="0.009" /><testcase classname="tests.test_aleesa_api.TestAuthentication" name="test_get_me_authenticated" time="0.012" /><testcase classname="tests.test_aleesa_api.TestAuthentication" name="test_get_me_unauthenticated" time="0.035" /><testcase classname="tests.test_aleesa_api.TestAuthentication" name="test_register_new_user" time="0.017" /><testcase classname="tests.test_aleesa_api.TestAuthentication" name="test_register_duplicate_email" time="0.009" /><testcase classname="tests.test_aleesa_api.TestCart" name="test_get_cart_guest" time="0.037" /><testcase classname="tests.test_aleesa_api.TestCart" name="test_add_to_cart" time="0.077" /><testcase classname="tests.test_aleesa_api.TestCart" name="test_add_to_cart_invalid_product" time="0.040" /><testcase classname="tests.test_aleesa_api.TestCart" name="test_update_cart_item_quantity" time="0.052" /><testcase classname="tests.test_aleesa_api.TestCart" name="test_remove_cart_item" time="0.013" /><testcase classname="tests.test_aleesa_api.TestCartAuthenticated" name="test_get_cart_authenticated" time="0.011" /><testcase classname="tests.test_aleesa_api.TestCartAuthenticated" name="test_add_to_cart_authenticated" time="0.015" /></testsuite></testsuites>